# JRE version: Java(TM) SE Runtime Environment (8.0_60-b27) (build 1.8.0_60-b27)
# Java VM: Java HotSpot(TM) 64-Bit Server VM (25.60-b23 mixed mode linux-amd64 compressed oops)
Heap:
 PSYoungGen      total 454656K, used 0K [0x00000000d6600000, 0x0000000100000000, 0x0000000100000000)
  eden space 227328K, 0% used [0x00000000d6600000,0x00000000d6600000,0x00000000e4400000)
  from space 227328K, 0% used [0x00000000f2200000,0x00000000f2200000,0x0000000100000000)
  to   space 227328K, 0% used [0x00000000e4400000,0x00000000e4400000,0x00000000f2200000)
 ParOldGen       total 1196032K, used 1127681K [0x0000000083200000, 0x00000000cc200000, 0x00000000d6600000)
  object space 1196032K, 94% used [0x0000000083200000,0x00000000c7f406b0,0x00000000cc200000)
 Metaspace       used 75892K, capacity 102512K, committed 102680K, reserved 1122304K
  class space    used 20886K, capacity 29594K, committed 29720K, reserved 1048576K
GC Heap History (10 events):
Event: 34.554 GC heap after
Heap after GC invocations=23 (full 6):
 PSYoungGen      total 362496K, used 130624K [0x00000000d6600000, 0x0000000100000000, 0x0000000100000000)
  eden space 231424K, 0% used [0x00000000d6600000,0x00000000d6600000,0x00000000e4800000)
  from space 131072K, 99% used [0x00000000e4800000,0x00000000ec790000,0x00000000ec800000)
  to   space 227328K, 0% used [0x00000000f2200000,0x00000000f2200000,0x0000000100000000)
 ParOldGen       total 894976K, used 610549K [0x0000000083200000, 0x00000000b9c00000, 0x00000000d6600000)
  object space 894976K, 68% used [0x0000000083200000,0x00000000a863d508,0x00000000b9c00000)
 Metaspace       used 75892K, capacity 102512K, committed 102680K, reserved 1122304K
  class space    used 20886K, capacity 29594K, committed 29720K, reserved 1048576K
}
Event: 35.649 GC heap before
{Heap before GC invocations=24 (full 6):
 PSYoungGen      total 362496K, used 362048K [0x00000000d6600000, 0x0000000100000000, 0x0000000100000000)
  eden space 231424K, 100% used [0x00000000d6600000,0x00000000e4800000,0x00000000e4800000)
  from space 131072K, 99% used [0x00000000e4800000,0x00000000ec790000,0x00000000ec800000)
  to   space 227328K, 0% used [0x00000000f2200000,0x00000000f2200000,0x0000000100000000)
 ParOldGen       total 894976K, used 610549K [0x0000000083200000, 0x00000000b9c00000, 0x00000000d6600000)
  object space 894976K, 68% used [0x0000000083200000,0x00000000a863d508,0x00000000b9c00000)
 Metaspace       used 75892K, capacity 102512K, committed 102680K, reserved 1122304K
  class space    used 20886K, capacity 29594K, committed 29720K, reserved 1048576K
Event: 36.207 GC heap after
Heap after GC invocations=24 (full 6):
 PSYoungGen      total 454656K, used 127328K [0x00000000d6600000, 0x0000000100000000, 0x0000000100000000)
  eden space 227328K, 0% used [0x00000000d6600000,0x00000000d6600000,0x00000000e4400000)
  from space 227328K, 56% used [0x00000000f2200000,0x00000000f9e58000,0x0000000100000000)
  to   space 227328K, 0% used [0x00000000e4400000,0x00000000e4400000,0x00000000f2200000)
 ParOldGen       total 894976K, used 741517K [0x0000000083200000, 0x00000000b9c00000, 0x00000000d6600000)
  object space 894976K, 82% used [0x0000000083200000,0x00000000b0623508,0x00000000b9c00000)
 Metaspace       used 75892K, capacity 102512K, committed 102680K, reserved 1122304K
  class space    used 20886K, capacity 29594K, committed 29720K, reserved 1048576K
}
Event: 36.207 GC heap before
{Heap before GC invocations=25 (full 7):
 PSYoungGen      total 454656K, used 127328K [0x00000000d6600000, 0x0000000100000000, 0x0000000100000000)
  eden space 227328K, 0% used [0x00000000d6600000,0x00000000d6600000,0x00000000e4400000)
  from space 227328K, 56% used [0x00000000f2200000,0x00000000f9e58000,0x0000000100000000)
  to   space 227328K, 0% used [0x00000000e4400000,0x00000000e4400000,0x00000000f2200000)
 ParOldGen       total 894976K, used 741517K [0x0000000083200000, 0x00000000b9c00000, 0x00000000d6600000)
  object space 894976K, 82% used [0x0000000083200000,0x00000000b0623508,0x00000000b9c00000)
 Metaspace       used 75892K, capacity 102512K, committed 102680K, reserved 1122304K
  class space    used 20886K, capacity 29594K, committed 29720K, reserved 1048576K
Event: 39.536 GC heap after
Heap after GC invocations=25 (full 7):
 PSYoungGen      total 454656K, used 0K [0x00000000d6600000, 0x0000000100000000, 0x0000000100000000)
  eden space 227328K, 0% used [0x00000000d6600000,0x00000000d6600000,0x00000000e4400000)
  from space 227328K, 0% used [0x00000000f2200000,0x00000000f2200000,0x0000000100000000)
  to   space 227328K, 0% used [0x00000000e4400000,0x00000000e4400000,0x00000000f2200000)
 ParOldGen       total 1196032K, used 868069K [0x0000000083200000, 0x00000000cc200000, 0x00000000d6600000)
  object space 1196032K, 72% used [0x0000000083200000,0x00000000b81b9540,0x00000000cc200000)
 Metaspace       used 75892K, capacity 102512K, committed 102680K, reserved 1122304K
  class space    used 20886K, capacity 29594K, committed 29720K, reserved 1048576K
}
Event: 40.601 GC heap before
{Heap before GC invocations=26 (full 7):
 PSYoungGen      total 454656K, used 227328K [0x00000000d6600000, 0x0000000100000000, 0x0000000100000000)
  eden space 227328K, 100% used [0x00000000d6600000,0x00000000e4400000,0x00000000e4400000)
  from space 227328K, 0% used [0x00000000f2200000,0x00000000f2200000,0x0000000100000000)
  to   space 227328K, 0% used [0x00000000e4400000,0x00000000e4400000,0x00000000f2200000)
 ParOldGen       total 1196032K, used 868069K [0x0000000083200000, 0x00000000cc200000, 0x00000000d6600000)
  object space 1196032K, 72% used [0x0000000083200000,0x00000000b81b9540,0x00000000cc200000)
 Metaspace       used 75892K, capacity 102512K, committed 102680K, reserved 1122304K
  class space    used 20886K, capacity 29594K, committed 29720K, reserved 1048576K
Event: 40.856 GC heap after
Heap after GC invocations=26 (full 7):
 PSYoungGen      total 454656K, used 130048K [0x00000000d6600000, 0x0000000100000000, 0x0000000100000000)
  eden space 227328K, 0% used [0x00000000d6600000,0x00000000d6600000,0x00000000e4400000)
  from space 227328K, 57% used [0x00000000e4400000,0x00000000ec300000,0x00000000f2200000)
  to   space 227328K, 0% used [0x00000000f2200000,0x00000000f2200000,0x0000000100000000)
 ParOldGen       total 1196032K, used 868069K [0x0000000083200000, 0x00000000cc200000, 0x00000000d6600000)
  object space 1196032K, 72% used [0x0000000083200000,0x00000000b81b9540,0x00000000cc200000)
 Metaspace       used 75892K, capacity 102512K, committed 102680K, reserved 1122304K
  class space    used 20886K, capacity 29594K, committed 29720K, reserved 1048576K
}
Event: 41.919 GC heap before
{Heap before GC invocations=27 (full 7):
 PSYoungGen      total 454656K, used 357376K [0x00000000d6600000, 0x0000000100000000, 0x0000000100000000)
  eden space 227328K, 100% used [0x00000000d6600000,0x00000000e4400000,0x00000000e4400000)
  from space 227328K, 57% used [0x00000000e4400000,0x00000000ec300000,0x00000000f2200000)
  to   space 227328K, 0% used [0x00000000f2200000,0x00000000f2200000,0x0000000100000000)
 ParOldGen       total 1196032K, used 868069K [0x0000000083200000, 0x00000000cc200000, 0x00000000d6600000)
  object space 1196032K, 72% used [0x0000000083200000,0x00000000b81b9540,0x00000000cc200000)
 Metaspace       used 75892K, capacity 102512K, committed 102680K, reserved 1122304K
  class space    used 20886K, capacity 29594K, committed 29720K, reserved 1048576K
Event: 42.535 GC heap after
Heap after GC invocations=27 (full 7):
 PSYoungGen      total 454656K, used 130048K [0x00000000d6600000, 0x0000000100000000, 0x0000000100000000)
  eden space 227328K, 0% used [0x00000000d6600000,0x00000000d6600000,0x00000000e4400000)
  from space 227328K, 57% used [0x00000000f2200000,0x00000000fa100000,0x0000000100000000)
  to   space 227328K, 0% used [0x00000000e4400000,0x00000000e4400000,0x00000000f2200000)
 ParOldGen       total 1196032K, used 998485K [0x0000000083200000, 0x00000000cc200000, 0x00000000d6600000)
  object space 1196032K, 83% used [0x0000000083200000,0x00000000c0115540,0x00000000cc200000)
 Metaspace       used 75892K, capacity 102512K, committed 102680K, reserved 1122304K
  class space    used 20886K, capacity 29594K, committed 29720K, reserved 1048576K
}
Event: 42.535 GC heap before
{Heap before GC invocations=28 (full 8):
 PSYoungGen      total 454656K, used 130048K [0x00000000d6600000, 0x0000000100000000, 0x0000000100000000)
  eden space 227328K, 0% used [0x00000000d6600000,0x00000000d6600000,0x00000000e4400000)
  from space 227328K, 57% used [0x00000000f2200000,0x00000000fa100000,0x0000000100000000)
  to   space 227328K, 0% used [0x00000000e4400000,0x00000000e4400000,0x00000000f2200000)
 ParOldGen       total 1196032K, used 998485K [0x0000000083200000, 0x00000000cc200000, 0x00000000d6600000)
  object space 1196032K, 83% used [0x0000000083200000,0x00000000c0115540,0x00000000cc200000)
 Metaspace       used 75892K, capacity 102512K, committed 102680K, reserved 1122304K
  class space    used 20886K, capacity 29594K, committed 29720K, reserved 1048576K

