# JRE version: Java(TM) SE Runtime Environment (8.0_60-b27) (build 1.8.0_60-b27)
# Java VM: Java HotSpot(TM) 64-Bit Server VM (25.60-b23 mixed mode linux-amd64 compressed oops)
Heap:
 PSYoungGen      total 454656K, used 59313K [0x00000000d6600000, 0x0000000100000000, 0x0000000100000000)
  eden space 227328K, 0% used [0x00000000d6600000,0x00000000d6600000,0x00000000e4400000)
  from space 227328K, 26% used [0x00000000f2200000,0x00000000f5bec640,0x0000000100000000)
  to   space 227328K, 0% used [0x00000000e4400000,0x00000000e4400000,0x00000000f2200000)
 ParOldGen       total 1082880K, used 1082871K [0x0000000083200000, 0x00000000c5380000, 0x00000000d6600000)
  object space 1082880K, 99% used [0x0000000083200000,0x00000000c537df58,0x00000000c5380000)
 Metaspace       used 71514K, capacity 92612K, committed 120112K, reserved 1134592K
  class space    used 18038K, capacity 25124K, committed 34864K, reserved 1048576K
GC Heap History (10 events):
Event: 44419.508 GC heap after
Heap after GC invocations=33 (full 6):
 PSYoungGen      total 500224K, used 181760K [0x00000000d6600000, 0x0000000100000000, 0x0000000100000000)
  eden space 318464K, 0% used [0x00000000d6600000,0x00000000d6600000,0x00000000e9d00000)
  from space 181760K, 100% used [0x00000000e9d00000,0x00000000f4e80000,0x00000000f4e80000)
  to   space 181760K, 0% used [0x00000000f4e80000,0x00000000f4e80000,0x0000000100000000)
 ParOldGen       total 758784K, used 519862K [0x0000000083200000, 0x00000000b1700000, 0x00000000d6600000)
  object space 758784K, 68% used [0x0000000083200000,0x00000000a2dad888,0x00000000b1700000)
 Metaspace       used 72132K, capacity 93500K, committed 120112K, reserved 1134592K
  class space    used 18295K, capacity 25471K, committed 34864K, reserved 1048576K
}
Event: 44420.916 GC heap before
{Heap before GC invocations=34 (full 6):
 PSYoungGen      total 500224K, used 500224K [0x00000000d6600000, 0x0000000100000000, 0x0000000100000000)
  eden space 318464K, 100% used [0x00000000d6600000,0x00000000e9d00000,0x00000000e9d00000)
  from space 181760K, 100% used [0x00000000e9d00000,0x00000000f4e80000,0x00000000f4e80000)
  to   space 181760K, 0% used [0x00000000f4e80000,0x00000000f4e80000,0x0000000100000000)
 ParOldGen       total 758784K, used 519862K [0x0000000083200000, 0x00000000b1700000, 0x00000000d6600000)
  object space 758784K, 68% used [0x0000000083200000,0x00000000a2dad888,0x00000000b1700000)
 Metaspace       used 72132K, capacity 93500K, committed 120112K, reserved 1134592K
  class space    used 18295K, capacity 25471K, committed 34864K, reserved 1048576K
Event: 44424.810 GC heap after
Heap after GC invocations=34 (full 6):
 PSYoungGen      total 409088K, used 181760K [0x00000000d6600000, 0x0000000100000000, 0x0000000100000000)
  eden space 227328K, 0% used [0x00000000d6600000,0x00000000d6600000,0x00000000e4400000)
  from space 181760K, 100% used [0x00000000f4e80000,0x0000000100000000,0x0000000100000000)
  to   space 227328K, 0% used [0x00000000e4400000,0x00000000e4400000,0x00000000f2200000)
 ParOldGen       total 758784K, used 702598K [0x0000000083200000, 0x00000000b1700000, 0x00000000d6600000)
  object space 758784K, 92% used [0x0000000083200000,0x00000000ae021888,0x00000000b1700000)
 Metaspace       used 72132K, capacity 93500K, committed 120112K, reserved 1134592K
  class space    used 18295K, capacity 25471K, committed 34864K, reserved 1048576K
}
Event: 44424.810 GC heap before
{Heap before GC invocations=35 (full 7):
 PSYoungGen      total 409088K, used 181760K [0x00000000d6600000, 0x0000000100000000, 0x0000000100000000)
  eden space 227328K, 0% used [0x00000000d6600000,0x00000000d6600000,0x00000000e4400000)
  from space 181760K, 100% used [0x00000000f4e80000,0x0000000100000000,0x0000000100000000)
  to   space 227328K, 0% used [0x00000000e4400000,0x00000000e4400000,0x00000000f2200000)
 ParOldGen       total 758784K, used 702598K [0x0000000083200000, 0x00000000b1700000, 0x00000000d6600000)
  object space 758784K, 92% used [0x0000000083200000,0x00000000ae021888,0x00000000b1700000)
 Metaspace       used 72132K, capacity 93500K, committed 120112K, reserved 1134592K
  class space    used 18295K, capacity 25471K, committed 34864K, reserved 1048576K
Event: 44429.219 GC heap after
Heap after GC invocations=35 (full 7):
 PSYoungGen      total 409088K, used 123783K [0x00000000d6600000, 0x0000000100000000, 0x0000000100000000)
  eden space 227328K, 0% used [0x00000000d6600000,0x00000000d6600000,0x00000000e4400000)
  from space 181760K, 68% used [0x00000000f4e80000,0x00000000fc761c00,0x0000000100000000)
  to   space 227328K, 0% used [0x00000000e4400000,0x00000000e4400000,0x00000000f2200000)
 ParOldGen       total 1082880K, used 758601K [0x0000000083200000, 0x00000000c5380000, 0x00000000d6600000)
  object space 1082880K, 70% used [0x0000000083200000,0x00000000b16d2538,0x00000000c5380000)
 Metaspace       used 71514K, capacity 92612K, committed 120112K, reserved 1134592K
  class space    used 18038K, capacity 25124K, committed 34864K, reserved 1048576K
}
Event: 44430.195 GC heap before
{Heap before GC invocations=36 (full 7):
 PSYoungGen      total 409088K, used 351111K [0x00000000d6600000, 0x0000000100000000, 0x0000000100000000)
  eden space 227328K, 100% used [0x00000000d6600000,0x00000000e4400000,0x00000000e4400000)
  from space 181760K, 68% used [0x00000000f4e80000,0x00000000fc761c00,0x0000000100000000)
  to   space 227328K, 0% used [0x00000000e4400000,0x00000000e4400000,0x00000000f2200000)
 ParOldGen       total 1082880K, used 758601K [0x0000000083200000, 0x00000000c5380000, 0x00000000d6600000)
  object space 1082880K, 70% used [0x0000000083200000,0x00000000b16d2538,0x00000000c5380000)
 Metaspace       used 71514K, capacity 92612K, committed 120112K, reserved 1134592K
  class space    used 18038K, capacity 25124K, committed 34864K, reserved 1048576K
Event: 44432.706 GC heap after
Heap after GC invocations=36 (full 7):
 PSYoungGen      total 454656K, used 130048K [0x00000000d6600000, 0x0000000100000000, 0x0000000100000000)
  eden space 227328K, 0% used [0x00000000d6600000,0x00000000d6600000,0x00000000e4400000)
  from space 227328K, 57% used [0x00000000e4400000,0x00000000ec300000,0x00000000f2200000)
  to   space 227328K, 0% used [0x00000000f2200000,0x00000000f2200000,0x0000000100000000)
 ParOldGen       total 1082880K, used 882881K [0x0000000083200000, 0x00000000c5380000, 0x00000000d6600000)
  object space 1082880K, 81% used [0x0000000083200000,0x00000000b9030538,0x00000000c5380000)
 Metaspace       used 71514K, capacity 92612K, committed 120112K, reserved 1134592K
  class space    used 18038K, capacity 25124K, committed 34864K, reserved 1048576K
}
Event: 44433.658 GC heap before
{Heap before GC invocations=37 (full 7):
 PSYoungGen      total 454656K, used 357376K [0x00000000d6600000, 0x0000000100000000, 0x0000000100000000)
  eden space 227328K, 100% used [0x00000000d6600000,0x00000000e4400000,0x00000000e4400000)
  from space 227328K, 57% used [0x00000000e4400000,0x00000000ec300000,0x00000000f2200000)
  to   space 227328K, 0% used [0x00000000f2200000,0x00000000f2200000,0x0000000100000000)
 ParOldGen       total 1082880K, used 882881K [0x0000000083200000, 0x00000000c5380000, 0x00000000d6600000)
  object space 1082880K, 81% used [0x0000000083200000,0x00000000b9030538,0x00000000c5380000)
 Metaspace       used 71514K, capacity 92612K, committed 120112K, reserved 1134592K
  class space    used 18038K, capacity 25124K, committed 34864K, reserved 1048576K
Event: 44436.255 GC heap after
Heap after GC invocations=37 (full 7):
 PSYoungGen      total 454656K, used 130048K [0x00000000d6600000, 0x0000000100000000, 0x0000000100000000)
  eden space 227328K, 0% used [0x00000000d6600000,0x00000000d6600000,0x00000000e4400000)
  from space 227328K, 57% used [0x00000000f2200000,0x00000000fa100000,0x0000000100000000)
  to   space 227328K, 0% used [0x00000000e4400000,0x00000000e4400000,0x00000000f2200000)
 ParOldGen       total 1082880K, used 1013297K [0x0000000083200000, 0x00000000c5380000, 0x00000000d6600000)
  object space 1082880K, 93% used [0x0000000083200000,0x00000000c0f8c538,0x00000000c5380000)
 Metaspace       used 71514K, capacity 92612K, committed 120112K, reserved 1134592K
  class space    used 18038K, capacity 25124K, committed 34864K, reserved 1048576K
}
Event: 44436.255 GC heap before
{Heap before GC invocations=38 (full 8):
 PSYoungGen      total 454656K, used 130048K [0x00000000d6600000, 0x0000000100000000, 0x0000000100000000)
  eden space 227328K, 0% used [0x00000000d6600000,0x00000000d6600000,0x00000000e4400000)
  from space 227328K, 57% used [0x00000000f2200000,0x00000000fa100000,0x0000000100000000)
  to   space 227328K, 0% used [0x00000000e4400000,0x00000000e4400000,0x00000000f2200000)
 ParOldGen       total 1082880K, used 1013297K [0x0000000083200000, 0x00000000c5380000, 0x00000000d6600000)
  object space 1082880K, 93% used [0x0000000083200000,0x00000000c0f8c538,0x00000000c5380000)
 Metaspace       used 71514K, capacity 92612K, committed 120112K, reserved 1134592K
  class space    used 18038K, capacity 25124K, committed 34864K, reserved 1048576K

