# JRE version: Java(TM) SE Runtime Environment (8.0_60-b27) (build 1.8.0_60-b27)
# Java VM: Java HotSpot(TM) 64-Bit Server VM (25.60-b23 mixed mode linux-amd64 compressed oops)
Heap:
 PSYoungGen      total 454656K, used 10210K [0x00000000d6600000, 0x0000000100000000, 0x0000000100000000)
  eden space 227328K, 0% used [0x00000000d6600000,0x00000000d6600000,0x00000000e4400000)
  from space 227328K, 4% used [0x00000000e4400000,0x00000000e4df8820,0x00000000f2200000)
  to   space 227328K, 0% used [0x00000000f2200000,0x00000000f2200000,0x0000000100000000)
 ParOldGen       total 1274368K, used 1274337K [0x0000000083200000, 0x00000000d0e80000, 0x00000000d6600000)
  object space 1274368K, 99% used [0x0000000083200000,0x00000000d0e78720,0x00000000d0e80000)
 Metaspace       used 75883K, capacity 102428K, committed 102568K, reserved 1122304K
  class space    used 20887K, capacity 29594K, committed 29608K, reserved 1048576K
GC Heap History (10 events):
Event: 27.970 GC heap after
Heap after GC invocations=24 (full 6):
 PSYoungGen      total 454656K, used 130048K [0x00000000d6600000, 0x0000000100000000, 0x0000000100000000)
  eden space 227328K, 0% used [0x00000000d6600000,0x00000000d6600000,0x00000000e4400000)
  from space 227328K, 57% used [0x00000000f2200000,0x00000000fa100000,0x0000000100000000)
  to   space 227328K, 0% used [0x00000000e4400000,0x00000000e4400000,0x00000000f2200000)
 ParOldGen       total 951296K, used 765677K [0x0000000083200000, 0x00000000bd300000, 0x00000000d6600000)
  object space 951296K, 80% used [0x0000000083200000,0x00000000b1dbb4d8,0x00000000bd300000)
 Metaspace       used 75882K, capacity 102428K, committed 102568K, reserved 1122304K
  class space    used 20887K, capacity 29594K, committed 29608K, reserved 1048576K
}
Event: 27.970 GC heap before
{Heap before GC invocations=25 (full 7):
 PSYoungGen      total 454656K, used 130048K [0x00000000d6600000, 0x0000000100000000, 0x0000000100000000)
  eden space 227328K, 0% used [0x00000000d6600000,0x00000000d6600000,0x00000000e4400000)
  from space 227328K, 57% used [0x00000000f2200000,0x00000000fa100000,0x0000000100000000)
  to   space 227328K, 0% used [0x00000000e4400000,0x00000000e4400000,0x00000000f2200000)
 ParOldGen       total 951296K, used 765677K [0x0000000083200000, 0x00000000bd300000, 0x00000000d6600000)
  object space 951296K, 80% used [0x0000000083200000,0x00000000b1dbb4d8,0x00000000bd300000)
 Metaspace       used 75882K, capacity 102428K, committed 102568K, reserved 1122304K
  class space    used 20887K, capacity 29594K, committed 29608K, reserved 1048576K
Event: 31.012 GC heap after
Heap after GC invocations=25 (full 7):
 PSYoungGen      total 454656K, used 0K [0x00000000d6600000, 0x0000000100000000, 0x0000000100000000)
  eden space 227328K, 0% used [0x00000000d6600000,0x00000000d6600000,0x00000000e4400000)
  from space 227328K, 0% used [0x00000000f2200000,0x00000000f2200000,0x0000000100000000)
  to   space 227328K, 0% used [0x00000000e4400000,0x00000000e4400000,0x00000000f2200000)
 ParOldGen       total 1274368K, used 894935K [0x0000000083200000, 0x00000000d0e80000, 0x00000000d6600000)
  object space 1274368K, 70% used [0x0000000083200000,0x00000000b9bf5f20,0x00000000d0e80000)
 Metaspace       used 75882K, capacity 102428K, committed 102568K, reserved 1122304K
  class space    used 20887K, capacity 29594K, committed 29608K, reserved 1048576K
}
Event: 31.973 GC heap before
{Heap before GC invocations=26 (full 7):
 PSYoungGen      total 454656K, used 227328K [0x00000000d6600000, 0x0000000100000000, 0x0000000100000000)
  eden space 227328K, 100% used [0x00000000d6600000,0x00000000e4400000,0x00000000e4400000)
  from space 227328K, 0% used [0x00000000f2200000,0x00000000f2200000,0x0000000100000000)
  to   space 227328K, 0% used [0x00000000e4400000,0x00000000e4400000,0x00000000f2200000)
 ParOldGen       total 1274368K, used 894935K [0x0000000083200000, 0x00000000d0e80000, 0x00000000d6600000)
  object space 1274368K, 70% used [0x0000000083200000,0x00000000b9bf5f20,0x00000000d0e80000)
 Metaspace       used 75883K, capacity 102428K, committed 102568K, reserved 1122304K
  class space    used 20887K, capacity 29594K, committed 29608K, reserved 1048576K
Event: 32.217 GC heap after
Heap after GC invocations=26 (full 7):
 PSYoungGen      total 454656K, used 130048K [0x00000000d6600000, 0x0000000100000000, 0x0000000100000000)
  eden space 227328K, 0% used [0x00000000d6600000,0x00000000d6600000,0x00000000e4400000)
  from space 227328K, 57% used [0x00000000e4400000,0x00000000ec300000,0x00000000f2200000)
  to   space 227328K, 0% used [0x00000000f2200000,0x00000000f2200000,0x0000000100000000)
 ParOldGen       total 1274368K, used 894935K [0x0000000083200000, 0x00000000d0e80000, 0x00000000d6600000)
  object space 1274368K, 70% used [0x0000000083200000,0x00000000b9bf5f20,0x00000000d0e80000)
 Metaspace       used 75883K, capacity 102428K, committed 102568K, reserved 1122304K
  class space    used 20887K, capacity 29594K, committed 29608K, reserved 1048576K
}
Event: 33.180 GC heap before
{Heap before GC invocations=27 (full 7):
 PSYoungGen      total 454656K, used 357376K [0x00000000d6600000, 0x0000000100000000, 0x0000000100000000)
  eden space 227328K, 100% used [0x00000000d6600000,0x00000000e4400000,0x00000000e4400000)
  from space 227328K, 57% used [0x00000000e4400000,0x00000000ec300000,0x00000000f2200000)
  to   space 227328K, 0% used [0x00000000f2200000,0x00000000f2200000,0x0000000100000000)
 ParOldGen       total 1274368K, used 894935K [0x0000000083200000, 0x00000000d0e80000, 0x00000000d6600000)
  object space 1274368K, 70% used [0x0000000083200000,0x00000000b9bf5f20,0x00000000d0e80000)
 Metaspace       used 75883K, capacity 102428K, committed 102568K, reserved 1122304K
  class space    used 20887K, capacity 29594K, committed 29608K, reserved 1048576K
Event: 33.865 GC heap after
Heap after GC invocations=27 (full 7):
 PSYoungGen      total 454656K, used 130080K [0x00000000d6600000, 0x0000000100000000, 0x0000000100000000)
  eden space 227328K, 0% used [0x00000000d6600000,0x00000000d6600000,0x00000000e4400000)
  from space 227328K, 57% used [0x00000000f2200000,0x00000000fa108000,0x0000000100000000)
  to   space 227328K, 0% used [0x00000000e4400000,0x00000000e4400000,0x00000000f2200000)
 ParOldGen       total 1274368K, used 1025359K [0x0000000083200000, 0x00000000d0e80000, 0x00000000d6600000)
  object space 1274368K, 80% used [0x0000000083200000,0x00000000c1b53f20,0x00000000d0e80000)
 Metaspace       used 75883K, capacity 102428K, committed 102568K, reserved 1122304K
  class space    used 20887K, capacity 29594K, committed 29608K, reserved 1048576K
}
Event: 34.832 GC heap before
{Heap before GC invocations=28 (full 7):
 PSYoungGen      total 454656K, used 357408K [0x00000000d6600000, 0x0000000100000000, 0x0000000100000000)
  eden space 227328K, 100% used [0x00000000d6600000,0x00000000e4400000,0x00000000e4400000)
  from space 227328K, 57% used [0x00000000f2200000,0x00000000fa108000,0x0000000100000000)
  to   space 227328K, 0% used [0x00000000e4400000,0x00000000e4400000,0x00000000f2200000)
 ParOldGen       total 1274368K, used 1025359K [0x0000000083200000, 0x00000000d0e80000, 0x00000000d6600000)
  object space 1274368K, 80% used [0x0000000083200000,0x00000000c1b53f20,0x00000000d0e80000)
 Metaspace       used 75883K, capacity 102428K, committed 102568K, reserved 1122304K
  class space    used 20887K, capacity 29594K, committed 29608K, reserved 1048576K
Event: 35.586 GC heap after
Heap after GC invocations=28 (full 7):
 PSYoungGen      total 454656K, used 130080K [0x00000000d6600000, 0x0000000100000000, 0x0000000100000000)
  eden space 227328K, 0% used [0x00000000d6600000,0x00000000d6600000,0x00000000e4400000)
  from space 227328K, 57% used [0x00000000e4400000,0x00000000ec308000,0x00000000f2200000)
  to   space 227328K, 0% used [0x00000000f2200000,0x00000000f2200000,0x0000000100000000)
 ParOldGen       total 1274368K, used 1155775K [0x0000000083200000, 0x00000000d0e80000, 0x00000000d6600000)
  object space 1274368K, 90% used [0x0000000083200000,0x00000000c9aaff20,0x00000000d0e80000)
 Metaspace       used 75883K, capacity 102428K, committed 102568K, reserved 1122304K
  class space    used 20887K, capacity 29594K, committed 29608K, reserved 1048576K
}
Event: 35.586 GC heap before
{Heap before GC invocations=29 (full 8):
 PSYoungGen      total 454656K, used 130080K [0x00000000d6600000, 0x0000000100000000, 0x0000000100000000)
  eden space 227328K, 0% used [0x00000000d6600000,0x00000000d6600000,0x00000000e4400000)
  from space 227328K, 57% used [0x00000000e4400000,0x00000000ec308000,0x00000000f2200000)
  to   space 227328K, 0% used [0x00000000f2200000,0x00000000f2200000,0x0000000100000000)
 ParOldGen       total 1274368K, used 1155775K [0x0000000083200000, 0x00000000d0e80000, 0x00000000d6600000)
  object space 1274368K, 90% used [0x0000000083200000,0x00000000c9aaff20,0x00000000d0e80000)
 Metaspace       used 75883K, capacity 102428K, committed 102568K, reserved 1122304K
  class space    used 20887K, capacity 29594K, committed 29608K, reserved 1048576K

